{"logTime": "0619/130431", "correlationVector":"YOdlmblbvhH1M5D/Jq2IAt.1","action":"SyncServerConnectionManagerRequest", "result":"SYNC_SERVER_OK", "context":{"environment":"Prod_francecentral_prod-s01-062-eur-francecentral", "migrationStage":"NotStarted", "server":"akswtt008000066"}}
{"logTime": "0619/130431", "correlationVector":"YOdlmblbvhH1M5D/Jq2IAt.2","action":"ProcessGetUpdates", "result":"Done", "context":{"dataType":"Encryption Keys", "deleted":"0", "process_failed_to_decrypt":"0", "process_pending_decryption":"0", "process_success":"1", "total":"1"}}
{"logTime": "0619/130432", "correlationVector":"Q2EvRu3n7r2FKvBAea5KO0","action":"SyncServerConnectionManagerRequest", "result":"SYNC_SERVER_OK", "context":{"environment":"", "migrationStage":"", "server":""}}
{"logTime": "0619/130432", "correlationVector":"Q2EvRu3n7r2FKvBAea5KO0.0","action":"EncryptionKeysFetcher.DownloadKeys:", "result":"Success", "context":Key count: 6, Last key timestamp: 2025-05-27T15:20:44Z}
{"logTime": "0619/130432", "correlationVector":"Q2EvRu3n7r2FKvBAea5KO0.1","action":"EncryptionKeysManager::SetEncryptionKeys:", "result":"Success", "context":Key names[6]:[oJP3AyQrrXPP6PNwQUYkeZi7KnFkZRAlBDsHBnKCLiGswSjvyA7AjJhLaicBX28IaJRvuAOwWQgx+BiJAwAd0Q==][ygGiRICSHlP1VAOjL1ABh0jLNFCoHlUNs7s+XQayzLRR6jTybrNz3Jj54AtdRQVkIZe55CHVw8gMIXyT8MHERA==][wCyTZZE/SpZezh3qIoRE7QCkZf3Gnz5tNt2YQKCccmCsNXp1IT/0wNcaZtNxEVKjfQj1PUY0NRxQO1XJpTm6zQ==][7e5V8J64rZ17epOTec9xjSwHvWwwJ493+IkkSPJIRi3UTHTqZvJjD7a/Y09aD1HhIlNYNMZthG/N+dYCc0U9hw==][3amcXgo8Xlv9ZB5ohdCfGMZyeFFU4wiVBZYKJORRexpQZ4xDH4viEIOgDCJKxGlLxvlS6gSTBV6TM53qSlNRqA==][kLlQyNrY4JjbwuLMHE7Sfi3pQwmeuvR5VgejPmlPco/UxdLT71eHEeJ9IU1rzxpbPEyYoNoNCtR1elNx4j+6LQ==]}
{"logTime": "0619/130432", "correlationVector":"Q2EvRu3n7r2FKvBAea5KO0.2","action":"EncryptionKeysManager::SetEncryptionKeysWithTimestamps:", "result":"Success", "context":Key timestamps[6]:[2022-10-28T21:21:31Z][2023-04-29T15:29:45Z][2023-10-26T22:37:18Z][2024-04-24T09:52:44Z][2024-11-17T17:12:54Z][2025-05-27T15:20:44Z]}
{"logTime": "0619/130432", "correlationVector":"YOdlmblbvhH1M5D/Jq2IAt","action":"Initial GetUpdates", "result":"", "context":Reason: NEW_CLIENT. cV=YOdlmblbvhH1M5D/Jq2IAt}
{"logTime": "0619/130432", "correlationVector":"YOdlmblbvhH1M5D/Jq2IAt.3","action":"GetUpdates Response", "result":"Success", "context":Received 1 update(s). cV=YOdlmblbvhH1M5D/Jq2IAt.0;server=akswtt008000066;cloudType=Consumer;environment=Prod_francecentral_prod-s01-062-eur-francecentral;migrationStage=NotStarted}
{"logTime": "0619/130432", "correlationVector":"i1vTg5+3VShJjTSr09yLhk","action":"Initial GetUpdates", "result":"", "context":Reason: NEWLY_SUPPORTED_DATATYPE. cV=i1vTg5+3VShJjTSr09yLhk}
{"logTime": "0619/130433", "correlationVector":"i1vTg5+3VShJjTSr09yLhk.1","action":"SyncServerConnectionManagerRequest", "result":"SYNC_SERVER_OK", "context":{"environment":"Prod_francecentral_prod-s01-062-eur-francecentral", "migrationStage":"NotStarted", "server":"akswtt00800004l"}}
{"logTime": "0619/130433", "correlationVector":"i1vTg5+3VShJjTSr09yLhk.2","action":"ProcessGetUpdates", "result":"Done", "context":{"dataType":"Preferences", "deleted":"0", "process_failed_to_decrypt":"0", "process_pending_decryption":"0", "process_success":"75", "total":"75"}}
{"logTime": "0619/130433", "correlationVector":"i1vTg5+3VShJjTSr09yLhk.3","action":"ProcessGetUpdates", "result":"Done", "context":{"dataType":"Passwords", "deleted":"18", "process_failed_to_decrypt":"0", "process_pending_decryption":"0", "process_success":"37", "total":"37"}}
{"logTime": "0619/130433", "correlationVector":"i1vTg5+3VShJjTSr09yLhk.4","action":"ProcessGetUpdates", "result":"Done", "context":{"dataType":"Device Info", "deleted":"0", "process_failed_to_decrypt":"0", "process_pending_decryption":"0", "process_success":"2", "total":"2"}}
{"logTime": "0619/130433", "correlationVector":"i1vTg5+3VShJjTSr09yLhk.5","action":"GetUpdates Response", "result":"Success", "context":Received 114 update(s). cV=i1vTg5+3VShJjTSr09yLhk.0;server=akswtt00800004l;cloudType=Consumer;environment=Prod_francecentral_prod-s01-062-eur-francecentral;migrationStage=NotStarted}
{"logTime": "0619/130433", "correlationVector":"n9TrbyH4AD0q5P/tPEukq6","action":"Initial GetUpdates", "result":"", "context":Reason: NEWLY_SUPPORTED_DATATYPE. cV=n9TrbyH4AD0q5P/tPEukq6}
{"logTime": "0619/130433", "correlationVector":"n9TrbyH4AD0q5P/tPEukq6.1","action":"SyncServerConnectionManagerRequest", "result":"SYNC_SERVER_OK", "context":{"environment":"Prod_francecentral_prod-s01-062-eur-francecentral", "migrationStage":"NotStarted", "server":"akswtt00800001i"}}
{"logTime": "0619/130433", "correlationVector":"n9TrbyH4AD0q5P/tPEukq6.2","action":"ProcessGetUpdates", "result":"Done", "context":{"dataType":"Bookmarks", "deleted":"0", "process_failed_to_decrypt":"0", "process_pending_decryption":"0", "process_success":"90", "total":"90"}}
{"logTime": "0619/130433", "correlationVector":"n9TrbyH4AD0q5P/tPEukq6.3","action":"GetUpdates Response", "result":"Success", "context":Received 90 update(s). cV=n9TrbyH4AD0q5P/tPEukq6.0;server=akswtt00800001i;cloudType=Consumer;environment=Prod_francecentral_prod-s01-062-eur-francecentral;migrationStage=NotStarted}
{"logTime": "0619/130433", "correlationVector":"zSUFvvfT4KCTPGwAGlRw9Y","action":"Initial GetUpdates", "result":"", "context":Reason: NEWLY_SUPPORTED_DATATYPE. cV=zSUFvvfT4KCTPGwAGlRw9Y}
{"logTime": "0619/130434", "correlationVector":"zSUFvvfT4KCTPGwAGlRw9Y.1","action":"SyncServerConnectionManagerRequest", "result":"SYNC_SERVER_OK", "context":{"environment":"Prod_francecentral_prod-s01-062-eur-francecentral", "migrationStage":"NotStarted", "server":"akswtt008000013"}}
{"logTime": "0619/130434", "correlationVector":"zSUFvvfT4KCTPGwAGlRw9Y.2","action":"ProcessGetUpdates", "result":"Done", "context":{"dataType":"Autofill Profiles", "deleted":"0", "process_failed_to_decrypt":"0", "process_pending_decryption":"0", "process_success":"3", "total":"3"}}
{"logTime": "0619/130434", "correlationVector":"zSUFvvfT4KCTPGwAGlRw9Y.3","action":"ProcessGetUpdates", "result":"Done", "context":{"dataType":"Autofill", "deleted":"0", "process_failed_to_decrypt":"0", "process_pending_decryption":"0", "process_success":"3", "total":"3"}}
{"logTime": "0619/130434", "correlationVector":"zSUFvvfT4KCTPGwAGlRw9Y.4","action":"ProcessGetUpdates", "result":"Done", "context":{"dataType":"Extensions", "deleted":"0", "process_failed_to_decrypt":"0", "process_pending_decryption":"0", "process_success":"10", "total":"10"}}
{"logTime": "0619/130434", "correlationVector":"zSUFvvfT4KCTPGwAGlRw9Y.5","action":"ProcessGetUpdates", "result":"Done", "context":{"dataType":"Sessions", "deleted":"21", "process_failed_to_decrypt":"0", "process_pending_decryption":"0", "process_success":"26", "total":"26"}}
{"logTime": "0619/130434", "correlationVector":"zSUFvvfT4KCTPGwAGlRw9Y.6","action":"ProcessGetUpdates", "result":"Done", "context":{"dataType":"Extension settings", "deleted":"0", "process_failed_to_decrypt":"0", "process_pending_decryption":"0", "process_success":"53", "total":"53"}}
{"logTime": "0619/130434", "correlationVector":"zSUFvvfT4KCTPGwAGlRw9Y.7","action":"ProcessGetUpdates", "result":"Done", "context":{"dataType":"Edge Hub App Usage", "deleted":"8", "process_failed_to_decrypt":"0", "process_pending_decryption":"0", "process_success":"8", "total":"8"}}
{"logTime": "0619/130434", "correlationVector":"zSUFvvfT4KCTPGwAGlRw9Y.8","action":"GetUpdates Response", "result":"Success", "context":Received 103 update(s). cV=zSUFvvfT4KCTPGwAGlRw9Y.0;server=akswtt008000013;cloudType=Consumer;environment=Prod_francecentral_prod-s01-062-eur-francecentral;migrationStage=NotStarted}
{"logTime": "0619/130434", "correlationVector":"u88+JA/EXVqR13ATFczKvk","action":"Initial GetUpdates", "result":"", "context":Reason: NEWLY_SUPPORTED_DATATYPE. cV=u88+JA/EXVqR13ATFczKvk}
{"logTime": "0619/130434", "correlationVector":"u88+JA/EXVqR13ATFczKvk.1","action":"SyncServerConnectionManagerRequest", "result":"SYNC_SERVER_OK", "context":{"environment":"Prod_francecentral_prod-s01-062-eur-francecentral", "migrationStage":"NotStarted", "server":"akswtt00800002u"}}
{"logTime": "0619/130434", "correlationVector":"u88+JA/EXVqR13ATFczKvk.2","action":"ProcessGetUpdates", "result":"Done", "context":{"dataType":"History", "deleted":"0", "process_failed_to_decrypt":"0", "process_pending_decryption":"0", "process_success":"36", "total":"36"}}
{"logTime": "0619/130434", "correlationVector":"u88+JA/EXVqR13ATFczKvk.3","action":"GetUpdates Response", "result":"Success", "context":Received 36 update(s). cV=u88+JA/EXVqR13ATFczKvk.0;server=akswtt00800002u;cloudType=Consumer;environment=Prod_francecentral_prod-s01-062-eur-francecentral;migrationStage=NotStarted}
{"logTime": "0619/130434", "correlationVector":"smhH2U1bkeBHvXd1emkJ/T","action":"Normal GetUpdate request", "result":"", "context":cV=smhH2U1bkeBHvXd1emkJ/T
Nudged types: Passwords, Sessions, Device Info, User Consents
Refresh requested types: Bookmarks, Preferences, Passwords, Autofill Profiles, Autofill, Extensions, Sessions, Extension settings, History Delete Directives, Device Info, User Consents, Send Tab To Self, Web Apps, History, Saved Tab Group, WebAuthn Credentials, Collection, Edge E Drop, Edge Hub App Usage, Edge Wallet, Encryption Keys}
{"logTime": "0619/130434", "correlationVector":"smhH2U1bkeBHvXd1emkJ/T.1","action":"SyncServerConnectionManagerRequest", "result":"SYNC_SERVER_OK", "context":{"environment":"Prod_francecentral_prod-s01-062-eur-francecentral", "migrationStage":"NotStarted", "server":"akswtt00800000r"}}
{"logTime": "0619/130434", "correlationVector":"smhH2U1bkeBHvXd1emkJ/T.2","action":"GetUpdates Response", "result":"Success", "context":Received 0 update(s). cV=smhH2U1bkeBHvXd1emkJ/T.0;server=akswtt00800000r;cloudType=Consumer;environment=Prod_francecentral_prod-s01-062-eur-francecentral;migrationStage=NotStarted}
{"logTime": "0619/130434", "correlationVector":"JVxRSE6Yl1vIHBS37oAJrX","action":"Commit Request", "result":"", "context":Item count: 6
Contributing types: Passwords, Sessions, Device Info, User Consents}
{"logTime": "0619/130435", "correlationVector":"JVxRSE6Yl1vIHBS37oAJrX.1","action":"SyncServerConnectionManagerRequest", "result":"SYNC_SERVER_OK", "context":{"environment":"Prod_francecentral_prod-s01-062-eur-francecentral", "migrationStage":"NotStarted", "server":"akswtt00800004o"}}
{"logTime": "0619/130435", "correlationVector":"JVxRSE6Yl1vIHBS37oAJrX.2","action":"Commit Response", "result":"Success", "context":Result: Success. cV=JVxRSE6Yl1vIHBS37oAJrX.0;server=akswtt00800004o;cloudType=Consumer;environment=Prod_francecentral_prod-s01-062-eur-francecentral;migrationStage=NotStarted}
{"logTime": "0619/130440", "correlationVector":"xbkqjCwWhhFU+sVbFc3xI8","action":"Commit Request", "result":"", "context":Item count: 1
Contributing types: Edge Hub App Usage}
{"logTime": "0619/130440", "correlationVector":"xbkqjCwWhhFU+sVbFc3xI8.1","action":"SyncServerConnectionManagerRequest", "result":"SYNC_SERVER_OK", "context":{"environment":"Prod_francecentral_prod-s01-062-eur-francecentral", "migrationStage":"NotStarted", "server":"akswtt00800001i"}}
{"logTime": "0619/130440", "correlationVector":"xbkqjCwWhhFU+sVbFc3xI8.2","action":"Commit Response", "result":"Success", "context":Result: Success. cV=xbkqjCwWhhFU+sVbFc3xI8.0;server=akswtt00800001i;cloudType=Consumer;environment=Prod_francecentral_prod-s01-062-eur-francecentral;migrationStage=NotStarted}
{"logTime": "0619/130544", "correlationVector":"0vtHgwXMu9omN1HVEnvjZK","action":"Commit Request", "result":"", "context":Item count: 2
Contributing types: Sessions, History}
{"logTime": "0619/130545", "correlationVector":"0vtHgwXMu9omN1HVEnvjZK.1","action":"SyncServerConnectionManagerRequest", "result":"SYNC_SERVER_OK", "context":{"environment":"Prod_francecentral_prod-s01-062-eur-francecentral", "migrationStage":"NotStarted", "server":"akswtt00800006h"}}
{"logTime": "0619/130545", "correlationVector":"0vtHgwXMu9omN1HVEnvjZK.2","action":"Commit Response", "result":"Success", "context":Result: Success. cV=0vtHgwXMu9omN1HVEnvjZK.0;server=akswtt00800006h;cloudType=Consumer;environment=Prod_francecentral_prod-s01-062-eur-francecentral;migrationStage=NotStarted}
{"logTime": "0619/130711", "correlationVector":"kmV9rNFJh0iVAwBopqkuLL","action":"Commit Request", "result":"", "context":Item count: 1
Contributing types: Sessions}
{"logTime": "0619/130711", "correlationVector":"kmV9rNFJh0iVAwBopqkuLL.1","action":"SyncServerConnectionManagerRequest", "result":"SYNC_SERVER_OK", "context":{"environment":"Prod_francecentral_prod-s01-062-eur-francecentral", "migrationStage":"NotStarted", "server":"akswtt00800003n"}}
{"logTime": "0619/130711", "correlationVector":"kmV9rNFJh0iVAwBopqkuLL.2","action":"Commit Response", "result":"Success", "context":Result: Success. cV=kmV9rNFJh0iVAwBopqkuLL.0;server=akswtt00800003n;cloudType=Consumer;environment=Prod_francecentral_prod-s01-062-eur-francecentral;migrationStage=NotStarted}
